2025-11-09T00:07:16.307+05:30  INFO 27240 --- [VehicleServiceBookingSystem] [restartedMain] v.VehicleServiceBookingSystemApplication : Starting VehicleServiceBookingSystemApplication using Java 17.0.17 with PID 27240 (D:\projects\VehicleServiceBookingSystem-SpringBoot\target\classes started by moina in D:\projects\VehicleServiceBookingSystem-SpringBoot)
2025-11-09T00:07:16.322+05:30 DEBUG 27240 --- [VehicleServiceBookingSystem] [restartedMain] v.VehicleServiceBookingSystemApplication : Running with Spring Boot v3.5.7, Spring v6.2.12
2025-11-09T00:07:16.322+05:30  INFO 27240 --- [VehicleServiceBookingSystem] [restartedMain] v.VehicleServiceBookingSystemApplication : No active profile set, falling back to 1 default profile: "default"
2025-11-09T00:07:16.440+05:30  INFO 27240 --- [VehicleServiceBookingSystem] [restartedMain] .e.DevToolsPropertyDefaultsPostProcessor : Devtools property defaults active! Set 'spring.devtools.add-properties' to 'false' to disable
2025-11-09T00:07:16.443+05:30  INFO 27240 --- [VehicleServiceBookingSystem] [restartedMain] .e.DevToolsPropertyDefaultsPostProcessor : For additional web related logging consider setting the 'logging.level.web' property to 'DEBUG'
2025-11-09T00:07:17.848+05:30  INFO 27240 --- [VehicleServiceBookingSystem] [restartedMain] .s.d.r.c.RepositoryConfigurationDelegate : Bootstrapping Spring Data JPA repositories in DEFAULT mode.
2025-11-09T00:07:18.006+05:30  INFO 27240 --- [VehicleServiceBookingSystem] [restartedMain] .s.d.r.c.RepositoryConfigurationDelegate : Finished Spring Data repository scanning in 140 ms. Found 2 JPA repository interfaces.
2025-11-09T00:07:19.279+05:30  INFO 27240 --- [VehicleServiceBookingSystem] [restartedMain] o.s.b.w.embedded.tomcat.TomcatWebServer  : Tomcat initialized with port 9191 (http)
2025-11-09T00:07:19.311+05:30  INFO 27240 --- [VehicleServiceBookingSystem] [restartedMain] o.apache.catalina.core.StandardService   : Starting service [Tomcat]
2025-11-09T00:07:19.311+05:30  INFO 27240 --- [VehicleServiceBookingSystem] [restartedMain] o.apache.catalina.core.StandardEngine    : Starting Servlet engine: [Apache Tomcat/10.1.48]
2025-11-09T00:07:19.409+05:30  INFO 27240 --- [VehicleServiceBookingSystem] [restartedMain] o.a.c.c.C.[Tomcat].[localhost].[/]       : Initializing Spring embedded WebApplicationContext
2025-11-09T00:07:19.417+05:30  INFO 27240 --- [VehicleServiceBookingSystem] [restartedMain] w.s.c.ServletWebServerApplicationContext : Root WebApplicationContext: initialization completed in 2973 ms
2025-11-09T00:07:19.676+05:30  INFO 27240 --- [VehicleServiceBookingSystem] [restartedMain] o.hibernate.jpa.internal.util.LogHelper  : HHH000204: Processing PersistenceUnitInfo [name: default]
2025-11-09T00:07:19.780+05:30  INFO 27240 --- [VehicleServiceBookingSystem] [restartedMain] org.hibernate.Version                    : HHH000412: Hibernate ORM core version 6.6.33.Final
2025-11-09T00:07:19.834+05:30  INFO 27240 --- [VehicleServiceBookingSystem] [restartedMain] o.h.c.internal.RegionFactoryInitiator    : HHH000026: Second-level cache disabled
2025-11-09T00:07:20.218+05:30  INFO 27240 --- [VehicleServiceBookingSystem] [restartedMain] o.s.o.j.p.SpringPersistenceUnitInfo      : No LoadTimeWeaver setup: ignoring JPA class transformer
2025-11-09T00:07:20.277+05:30  INFO 27240 --- [VehicleServiceBookingSystem] [restartedMain] com.zaxxer.hikari.HikariDataSource       : HikariPool-1 - Starting...
2025-11-09T00:07:20.516+05:30  INFO 27240 --- [VehicleServiceBookingSystem] [restartedMain] com.zaxxer.hikari.pool.HikariPool        : HikariPool-1 - Added connection com.mysql.cj.jdbc.ConnectionImpl@64044381
2025-11-09T00:07:20.516+05:30  INFO 27240 --- [VehicleServiceBookingSystem] [restartedMain] com.zaxxer.hikari.HikariDataSource       : HikariPool-1 - Start completed.
2025-11-09T00:07:20.631+05:30  WARN 27240 --- [VehicleServiceBookingSystem] [restartedMain] org.hibernate.orm.deprecation            : HHH90000025: MySQLDialect does not need to be specified explicitly using 'hibernate.dialect' (remove the property setting and it will be selected by default)
2025-11-09T00:07:20.666+05:30  INFO 27240 --- [VehicleServiceBookingSystem] [restartedMain] org.hibernate.orm.connections.pooling    : HHH10001005: Database info:
	Database JDBC URL [Connecting through datasource 'HikariDataSource (HikariPool-1)']
	Database driver: undefined/unknown
	Database version: 8.0.44
	Autocommit mode: undefined/unknown
	Isolation level: undefined/unknown
	Minimum pool size: undefined/unknown
	Maximum pool size: undefined/unknown
2025-11-09T00:07:22.076+05:30  INFO 27240 --- [VehicleServiceBookingSystem] [restartedMain] o.h.e.t.j.p.i.JtaPlatformInitiator       : HHH000489: No JTA platform available (set 'hibernate.transaction.jta.platform' to enable JTA platform integration)
2025-11-09T00:07:22.198+05:30  INFO 27240 --- [VehicleServiceBookingSystem] [restartedMain] j.LocalContainerEntityManagerFactoryBean : Initialized JPA EntityManagerFactory for persistence unit 'default'
2025-11-09T00:07:23.475+05:30  INFO 27240 --- [VehicleServiceBookingSystem] [restartedMain] o.s.b.d.a.OptionalLiveReloadServer       : LiveReload server is running on port 35729
2025-11-09T00:07:23.582+05:30  INFO 27240 --- [VehicleServiceBookingSystem] [restartedMain] o.s.b.w.embedded.tomcat.TomcatWebServer  : Tomcat started on port 9191 (http) with context path '/'
2025-11-09T00:07:23.609+05:30  INFO 27240 --- [VehicleServiceBookingSystem] [restartedMain] v.VehicleServiceBookingSystemApplication : Started VehicleServiceBookingSystemApplication in 8.349 seconds (process running for 9.366)
2025-11-09T00:07:32.232+05:30  INFO 27240 --- [VehicleServiceBookingSystem] [http-nio-9191-exec-1] o.a.c.c.C.[Tomcat].[localhost].[/]       : Initializing Spring DispatcherServlet 'dispatcherServlet'
2025-11-09T00:07:32.234+05:30  INFO 27240 --- [VehicleServiceBookingSystem] [http-nio-9191-exec-1] o.s.web.servlet.DispatcherServlet        : Initializing Servlet 'dispatcherServlet'
2025-11-09T00:07:32.242+05:30  INFO 27240 --- [VehicleServiceBookingSystem] [http-nio-9191-exec-1] o.s.web.servlet.DispatcherServlet        : Completed initialization in 8 ms
2025-11-09T00:07:50.710+05:30  WARN 27240 --- [VehicleServiceBookingSystem] [http-nio-9191-exec-2] o.a.c.util.SessionIdGeneratorBase        : Creation of SecureRandom instance for session ID generation using [SHA1PRNG] took [121] milliseconds.
